<?xml version="1.0" encoding="UTF-8"?>
<beans xmlns="http://www.springframework.org/schema/beans"
       xmlns:xsi="http://www.w3.org/2001/XMLSchema-instance"
       xsi:schemaLocation="http://www.springframework.org/schema/beans http://www.springframework.org/schema/beans/spring-beans.xsd">

    <import resource="classpath:META-INF/spring-jdbc-context.xml"/>
    <!--<import resource="classpath:META-INF/spring-jpa-context.xml"/>-->

    <!-- Override default tm with broken implementation. For valid behaviour use clean spring-jpa-context.xml. -->
    <bean id="transactionManager" class="com.keddok.test.util.BrokenTransactionManager">
        <!--<property name="entityManagerFactory" ref="entityManagerFactory"/>-->
        <property name="dataSource" ref="dataSource"/>
        <property name="defaultTimeout" value="2"/>
    </bean>

</beans>
